2024-10-15 13:02:36,900 : INFO : file_cache is only supported with oauth2client<4.0.0
2024-10-15 13:02:36,903 : DEBUG : URL being requested: GET https://youtube.googleapis.com/youtube/v3/search?q=%D0%B4%D0%B0%D1%82%D0%B0+%D1%81%D0%B0%D0%B9%D0%B5%D0%BD%D1%81&part=id&maxResults=50&type=video&key=AIzaSyBLU5mFczWyGRHq4HLpm9OzENB05l7RP3w&alt=json
2024-10-15 13:02:37,480 : DEBUG : Starting new HTTPS connection (1): www.googleapis.com:443
2024-10-15 13:02:37,709 : DEBUG : https://www.googleapis.com:443 "GET /youtube/v3/commentThreads?key=AIzaSyBLU5mFczWyGRHq4HLpm9OzENB05l7RP3w&textFormat=plainText&part=snippet&videoId=YdY2R0TmXew&maxResults=250&pageToken= HTTP/1.1" 200 None
2024-10-15 13:02:37,774 : DEBUG : Starting new HTTPS connection (1): www.googleapis.com:443
2024-10-15 13:02:38,007 : DEBUG : https://www.googleapis.com:443 "GET /youtube/v3/commentThreads?key=AIzaSyBLU5mFczWyGRHq4HLpm9OzENB05l7RP3w&textFormat=plainText&part=snippet&videoId=bo_w0c3dKeI&maxResults=250&pageToken= HTTP/1.1" 200 None
2024-10-15 13:02:38,019 : DEBUG : Starting new HTTPS connection (1): www.googleapis.com:443
2024-10-15 13:02:38,283 : DEBUG : https://www.googleapis.com:443 "GET /youtube/v3/commentThreads?key=AIzaSyBLU5mFczWyGRHq4HLpm9OzENB05l7RP3w&textFormat=plainText&part=snippet&videoId=0fmibHL52UA&maxResults=250&pageToken= HTTP/1.1" 200 None
2024-10-15 13:02:38,340 : DEBUG : Starting new HTTPS connection (1): www.googleapis.com:443
2024-10-15 13:02:38,570 : DEBUG : https://www.googleapis.com:443 "GET /youtube/v3/commentThreads?key=AIzaSyBLU5mFczWyGRHq4HLpm9OzENB05l7RP3w&textFormat=plainText&part=snippet&videoId=Hd6RbTvWwJo&maxResults=250&pageToken= HTTP/1.1" 200 None
2024-10-15 13:02:38,576 : DEBUG : Starting new HTTPS connection (1): www.googleapis.com:443
2024-10-15 13:02:38,819 : DEBUG : https://www.googleapis.com:443 "GET /youtube/v3/commentThreads?key=AIzaSyBLU5mFczWyGRHq4HLpm9OzENB05l7RP3w&textFormat=plainText&part=snippet&videoId=4UOIWO8AaqU&maxResults=250&pageToken= HTTP/1.1" 200 None
2024-10-15 13:02:38,884 : DEBUG : Starting new HTTPS connection (1): www.googleapis.com:443
2024-10-15 13:02:39,132 : DEBUG : https://www.googleapis.com:443 "GET /youtube/v3/commentThreads?key=AIzaSyBLU5mFczWyGRHq4HLpm9OzENB05l7RP3w&textFormat=plainText&part=snippet&videoId=sm08IF9GkhI&maxResults=250&pageToken= HTTP/1.1" 200 None
2024-10-15 13:02:39,191 : DEBUG : Starting new HTTPS connection (1): www.googleapis.com:443
2024-10-15 13:02:39,426 : DEBUG : https://www.googleapis.com:443 "GET /youtube/v3/commentThreads?key=AIzaSyBLU5mFczWyGRHq4HLpm9OzENB05l7RP3w&textFormat=plainText&part=snippet&videoId=LLx0rYpOHMc&maxResults=250&pageToken= HTTP/1.1" 200 None
2024-10-15 13:02:39,589 : DEBUG : Starting new HTTPS connection (1): www.googleapis.com:443
2024-10-15 13:02:39,877 : DEBUG : https://www.googleapis.com:443 "GET /youtube/v3/commentThreads?key=AIzaSyBLU5mFczWyGRHq4HLpm9OzENB05l7RP3w&textFormat=plainText&part=snippet&videoId=1uUwwWrhedc&maxResults=250&pageToken= HTTP/1.1" 200 None
2024-10-15 13:02:39,923 : DEBUG : Starting new HTTPS connection (1): www.googleapis.com:443
2024-10-15 13:02:40,155 : DEBUG : https://www.googleapis.com:443 "GET /youtube/v3/commentThreads?key=AIzaSyBLU5mFczWyGRHq4HLpm9OzENB05l7RP3w&textFormat=plainText&part=snippet&videoId=lDkTNURDIaY&maxResults=250&pageToken= HTTP/1.1" 200 None
2024-10-15 13:02:40,320 : DEBUG : Starting new HTTPS connection (1): www.googleapis.com:443
2024-10-15 13:02:40,553 : DEBUG : https://www.googleapis.com:443 "GET /youtube/v3/commentThreads?key=AIzaSyBLU5mFczWyGRHq4HLpm9OzENB05l7RP3w&textFormat=plainText&part=snippet&videoId=rsFAkkMXWOg&maxResults=250&pageToken= HTTP/1.1" 200 None
2024-10-15 13:02:40,562 : DEBUG : Starting new HTTPS connection (1): www.googleapis.com:443
2024-10-15 13:02:40,788 : DEBUG : https://www.googleapis.com:443 "GET /youtube/v3/commentThreads?key=AIzaSyBLU5mFczWyGRHq4HLpm9OzENB05l7RP3w&textFormat=plainText&part=snippet&videoId=BI-yjkRKymg&maxResults=250&pageToken= HTTP/1.1" 200 None
2024-10-15 13:02:40,848 : DEBUG : Starting new HTTPS connection (1): www.googleapis.com:443
2024-10-15 13:02:41,085 : DEBUG : https://www.googleapis.com:443 "GET /youtube/v3/commentThreads?key=AIzaSyBLU5mFczWyGRHq4HLpm9OzENB05l7RP3w&textFormat=plainText&part=snippet&videoId=w-IdSp_mQuM&maxResults=250&pageToken= HTTP/1.1" 200 None
2024-10-15 13:02:41,149 : DEBUG : Starting new HTTPS connection (1): www.googleapis.com:443
2024-10-15 13:02:41,432 : DEBUG : https://www.googleapis.com:443 "GET /youtube/v3/commentThreads?key=AIzaSyBLU5mFczWyGRHq4HLpm9OzENB05l7RP3w&textFormat=plainText&part=snippet&videoId=RVUpCdVhF60&maxResults=250&pageToken= HTTP/1.1" 200 None
2024-10-15 13:02:41,493 : DEBUG : Starting new HTTPS connection (1): www.googleapis.com:443
2024-10-15 13:02:41,734 : DEBUG : https://www.googleapis.com:443 "GET /youtube/v3/commentThreads?key=AIzaSyBLU5mFczWyGRHq4HLpm9OzENB05l7RP3w&textFormat=plainText&part=snippet&videoId=cyXkzCJ0XZI&maxResults=250&pageToken= HTTP/1.1" 200 None
2024-10-15 13:02:41,792 : DEBUG : Starting new HTTPS connection (1): www.googleapis.com:443
2024-10-15 13:02:42,008 : DEBUG : https://www.googleapis.com:443 "GET /youtube/v3/commentThreads?key=AIzaSyBLU5mFczWyGRHq4HLpm9OzENB05l7RP3w&textFormat=plainText&part=snippet&videoId=-Pe0dadgi-E&maxResults=250&pageToken= HTTP/1.1" 200 None
2024-10-15 13:02:42,017 : DEBUG : Starting new HTTPS connection (1): www.googleapis.com:443
2024-10-15 13:02:42,231 : DEBUG : https://www.googleapis.com:443 "GET /youtube/v3/commentThreads?key=AIzaSyBLU5mFczWyGRHq4HLpm9OzENB05l7RP3w&textFormat=plainText&part=snippet&videoId=QCJMblI3AH8&maxResults=250&pageToken= HTTP/1.1" 200 None
2024-10-15 13:02:42,242 : DEBUG : Starting new HTTPS connection (1): www.googleapis.com:443
2024-10-15 13:02:42,479 : DEBUG : https://www.googleapis.com:443 "GET /youtube/v3/commentThreads?key=AIzaSyBLU5mFczWyGRHq4HLpm9OzENB05l7RP3w&textFormat=plainText&part=snippet&videoId=c9j0pf8xokw&maxResults=250&pageToken= HTTP/1.1" 200 None
2024-10-15 13:02:42,541 : DEBUG : Starting new HTTPS connection (1): www.googleapis.com:443
2024-10-15 13:02:42,765 : DEBUG : https://www.googleapis.com:443 "GET /youtube/v3/commentThreads?key=AIzaSyBLU5mFczWyGRHq4HLpm9OzENB05l7RP3w&textFormat=plainText&part=snippet&videoId=hv6jonYDwzI&maxResults=250&pageToken= HTTP/1.1" 200 None
2024-10-15 13:02:42,776 : DEBUG : Starting new HTTPS connection (1): www.googleapis.com:443
2024-10-15 13:02:43,018 : DEBUG : https://www.googleapis.com:443 "GET /youtube/v3/commentThreads?key=AIzaSyBLU5mFczWyGRHq4HLpm9OzENB05l7RP3w&textFormat=plainText&part=snippet&videoId=lwds9fUHiLA&maxResults=250&pageToken= HTTP/1.1" 200 None
2024-10-15 13:02:43,086 : DEBUG : Starting new HTTPS connection (1): www.googleapis.com:443
2024-10-15 13:02:43,333 : DEBUG : https://www.googleapis.com:443 "GET /youtube/v3/commentThreads?key=AIzaSyBLU5mFczWyGRHq4HLpm9OzENB05l7RP3w&textFormat=plainText&part=snippet&videoId=aBMRWe2rR0Y&maxResults=250&pageToken= HTTP/1.1" 200 None
2024-10-15 13:02:43,395 : DEBUG : Starting new HTTPS connection (1): www.googleapis.com:443
2024-10-15 13:02:43,639 : DEBUG : https://www.googleapis.com:443 "GET /youtube/v3/commentThreads?key=AIzaSyBLU5mFczWyGRHq4HLpm9OzENB05l7RP3w&textFormat=plainText&part=snippet&videoId=PQzS5i6sCKk&maxResults=250&pageToken= HTTP/1.1" 200 None
2024-10-15 13:02:43,646 : DEBUG : Starting new HTTPS connection (1): www.googleapis.com:443
2024-10-15 13:02:43,891 : DEBUG : https://www.googleapis.com:443 "GET /youtube/v3/commentThreads?key=AIzaSyBLU5mFczWyGRHq4HLpm9OzENB05l7RP3w&textFormat=plainText&part=snippet&videoId=EHVmseAhkx0&maxResults=250&pageToken= HTTP/1.1" 200 None
2024-10-15 13:02:43,956 : DEBUG : Starting new HTTPS connection (1): www.googleapis.com:443
2024-10-15 13:02:44,184 : DEBUG : https://www.googleapis.com:443 "GET /youtube/v3/commentThreads?key=AIzaSyBLU5mFczWyGRHq4HLpm9OzENB05l7RP3w&textFormat=plainText&part=snippet&videoId=v7aunvZy0xI&maxResults=250&pageToken= HTTP/1.1" 200 None
2024-10-15 13:02:44,193 : DEBUG : Starting new HTTPS connection (1): www.googleapis.com:443
2024-10-15 13:02:44,421 : DEBUG : https://www.googleapis.com:443 "GET /youtube/v3/commentThreads?key=AIzaSyBLU5mFczWyGRHq4HLpm9OzENB05l7RP3w&textFormat=plainText&part=snippet&videoId=uhYrrlp-vsc&maxResults=250&pageToken= HTTP/1.1" 200 None
2024-10-15 13:02:44,578 : DEBUG : Starting new HTTPS connection (1): www.googleapis.com:443
2024-10-15 13:02:44,820 : DEBUG : https://www.googleapis.com:443 "GET /youtube/v3/commentThreads?key=AIzaSyBLU5mFczWyGRHq4HLpm9OzENB05l7RP3w&textFormat=plainText&part=snippet&videoId=vdRp_w9f-qM&maxResults=250&pageToken= HTTP/1.1" 200 None
2024-10-15 13:02:44,987 : DEBUG : Starting new HTTPS connection (1): www.googleapis.com:443
2024-10-15 13:02:45,209 : DEBUG : https://www.googleapis.com:443 "GET /youtube/v3/commentThreads?key=AIzaSyBLU5mFczWyGRHq4HLpm9OzENB05l7RP3w&textFormat=plainText&part=snippet&videoId=m24d-oZu6vw&maxResults=250&pageToken= HTTP/1.1" 200 None
2024-10-15 13:02:45,219 : DEBUG : Starting new HTTPS connection (1): www.googleapis.com:443
2024-10-15 13:02:45,448 : DEBUG : https://www.googleapis.com:443 "GET /youtube/v3/commentThreads?key=AIzaSyBLU5mFczWyGRHq4HLpm9OzENB05l7RP3w&textFormat=plainText&part=snippet&videoId=ddc1gg7DpUU&maxResults=250&pageToken= HTTP/1.1" 200 None
2024-10-15 13:02:45,511 : DEBUG : Starting new HTTPS connection (1): www.googleapis.com:443
2024-10-15 13:02:45,757 : DEBUG : https://www.googleapis.com:443 "GET /youtube/v3/commentThreads?key=AIzaSyBLU5mFczWyGRHq4HLpm9OzENB05l7RP3w&textFormat=plainText&part=snippet&videoId=Us_TKT8ZL2E&maxResults=250&pageToken= HTTP/1.1" 200 None
2024-10-15 13:02:45,823 : DEBUG : Starting new HTTPS connection (1): www.googleapis.com:443
2024-10-15 13:02:46,085 : DEBUG : https://www.googleapis.com:443 "GET /youtube/v3/commentThreads?key=AIzaSyBLU5mFczWyGRHq4HLpm9OzENB05l7RP3w&textFormat=plainText&part=snippet&videoId=I5J4zJRW1es&maxResults=250&pageToken= HTTP/1.1" 200 None
2024-10-15 13:02:46,150 : DEBUG : Starting new HTTPS connection (1): www.googleapis.com:443
2024-10-15 13:02:46,373 : DEBUG : https://www.googleapis.com:443 "GET /youtube/v3/commentThreads?key=AIzaSyBLU5mFczWyGRHq4HLpm9OzENB05l7RP3w&textFormat=plainText&part=snippet&videoId=F0mutLxECR8&maxResults=250&pageToken= HTTP/1.1" 200 None
2024-10-15 13:02:46,383 : DEBUG : Starting new HTTPS connection (1): www.googleapis.com:443
2024-10-15 13:02:46,620 : DEBUG : https://www.googleapis.com:443 "GET /youtube/v3/commentThreads?key=AIzaSyBLU5mFczWyGRHq4HLpm9OzENB05l7RP3w&textFormat=plainText&part=snippet&videoId=7K7aLw6dIPM&maxResults=250&pageToken= HTTP/1.1" 200 None
2024-10-15 13:02:46,684 : DEBUG : Starting new HTTPS connection (1): www.googleapis.com:443
2024-10-15 13:02:46,913 : DEBUG : https://www.googleapis.com:443 "GET /youtube/v3/commentThreads?key=AIzaSyBLU5mFczWyGRHq4HLpm9OzENB05l7RP3w&textFormat=plainText&part=snippet&videoId=HewElspI41A&maxResults=250&pageToken= HTTP/1.1" 200 None
2024-10-15 13:02:46,974 : DEBUG : Starting new HTTPS connection (1): www.googleapis.com:443
2024-10-15 13:02:47,224 : DEBUG : https://www.googleapis.com:443 "GET /youtube/v3/commentThreads?key=AIzaSyBLU5mFczWyGRHq4HLpm9OzENB05l7RP3w&textFormat=plainText&part=snippet&videoId=o3DU3iWXTP0&maxResults=250&pageToken= HTTP/1.1" 200 None
2024-10-15 13:02:47,286 : DEBUG : Starting new HTTPS connection (1): www.googleapis.com:443
2024-10-15 13:02:47,511 : DEBUG : https://www.googleapis.com:443 "GET /youtube/v3/commentThreads?key=AIzaSyBLU5mFczWyGRHq4HLpm9OzENB05l7RP3w&textFormat=plainText&part=snippet&videoId=0Nbmxz-RGrI&maxResults=250&pageToken= HTTP/1.1" 200 None
2024-10-15 13:02:47,521 : DEBUG : Starting new HTTPS connection (1): www.googleapis.com:443
2024-10-15 13:02:47,795 : DEBUG : https://www.googleapis.com:443 "GET /youtube/v3/commentThreads?key=AIzaSyBLU5mFczWyGRHq4HLpm9OzENB05l7RP3w&textFormat=plainText&part=snippet&videoId=4n7e0PL17DQ&maxResults=250&pageToken= HTTP/1.1" 200 None
2024-10-15 13:02:47,854 : DEBUG : Starting new HTTPS connection (1): www.googleapis.com:443
2024-10-15 13:02:48,081 : DEBUG : https://www.googleapis.com:443 "GET /youtube/v3/commentThreads?key=AIzaSyBLU5mFczWyGRHq4HLpm9OzENB05l7RP3w&textFormat=plainText&part=snippet&videoId=yV3avIIrQmU&maxResults=250&pageToken= HTTP/1.1" 200 None
2024-10-15 13:02:48,090 : DEBUG : Starting new HTTPS connection (1): www.googleapis.com:443
2024-10-15 13:02:48,316 : DEBUG : https://www.googleapis.com:443 "GET /youtube/v3/commentThreads?key=AIzaSyBLU5mFczWyGRHq4HLpm9OzENB05l7RP3w&textFormat=plainText&part=snippet&videoId=CjAGxG3C8QI&maxResults=250&pageToken= HTTP/1.1" 200 None
2024-10-15 13:02:48,324 : DEBUG : Starting new HTTPS connection (1): www.googleapis.com:443
2024-10-15 13:02:48,548 : DEBUG : https://www.googleapis.com:443 "GET /youtube/v3/commentThreads?key=AIzaSyBLU5mFczWyGRHq4HLpm9OzENB05l7RP3w&textFormat=plainText&part=snippet&videoId=32adYT59UE4&maxResults=250&pageToken= HTTP/1.1" 200 None
2024-10-15 13:02:48,554 : DEBUG : Starting new HTTPS connection (1): www.googleapis.com:443
2024-10-15 13:02:48,825 : DEBUG : https://www.googleapis.com:443 "GET /youtube/v3/commentThreads?key=AIzaSyBLU5mFczWyGRHq4HLpm9OzENB05l7RP3w&textFormat=plainText&part=snippet&videoId=U4d69eSGxvA&maxResults=250&pageToken= HTTP/1.1" 200 None
2024-10-15 13:02:48,890 : DEBUG : Starting new HTTPS connection (1): www.googleapis.com:443
2024-10-15 13:02:49,130 : DEBUG : https://www.googleapis.com:443 "GET /youtube/v3/commentThreads?key=AIzaSyBLU5mFczWyGRHq4HLpm9OzENB05l7RP3w&textFormat=plainText&part=snippet&videoId=lFZqbYm5agk&maxResults=250&pageToken= HTTP/1.1" 200 None
2024-10-15 13:02:49,292 : DEBUG : Starting new HTTPS connection (1): www.googleapis.com:443
2024-10-15 13:02:49,524 : DEBUG : https://www.googleapis.com:443 "GET /youtube/v3/commentThreads?key=AIzaSyBLU5mFczWyGRHq4HLpm9OzENB05l7RP3w&textFormat=plainText&part=snippet&videoId=QAYcd3_8GVE&maxResults=250&pageToken= HTTP/1.1" 200 None
2024-10-15 13:02:49,532 : DEBUG : Starting new HTTPS connection (1): www.googleapis.com:443
2024-10-15 13:02:49,771 : DEBUG : https://www.googleapis.com:443 "GET /youtube/v3/commentThreads?key=AIzaSyBLU5mFczWyGRHq4HLpm9OzENB05l7RP3w&textFormat=plainText&part=snippet&videoId=kC29JUGYj2E&maxResults=250&pageToken= HTTP/1.1" 200 None
2024-10-15 13:02:49,935 : DEBUG : Starting new HTTPS connection (1): www.googleapis.com:443
2024-10-15 13:02:50,212 : DEBUG : https://www.googleapis.com:443 "GET /youtube/v3/commentThreads?key=AIzaSyBLU5mFczWyGRHq4HLpm9OzENB05l7RP3w&textFormat=plainText&part=snippet&videoId=c10hKpt-BzU&maxResults=250&pageToken= HTTP/1.1" 200 None
2024-10-15 13:02:50,272 : DEBUG : Starting new HTTPS connection (1): www.googleapis.com:443
2024-10-15 13:02:50,500 : DEBUG : https://www.googleapis.com:443 "GET /youtube/v3/commentThreads?key=AIzaSyBLU5mFczWyGRHq4HLpm9OzENB05l7RP3w&textFormat=plainText&part=snippet&videoId=Z1HBvzqT0QA&maxResults=250&pageToken= HTTP/1.1" 200 None
2024-10-15 13:02:50,504 : DEBUG : Starting new HTTPS connection (1): www.googleapis.com:443
2024-10-15 13:02:50,734 : DEBUG : https://www.googleapis.com:443 "GET /youtube/v3/commentThreads?key=AIzaSyBLU5mFczWyGRHq4HLpm9OzENB05l7RP3w&textFormat=plainText&part=snippet&videoId=9X-iVnn1nZ8&maxResults=250&pageToken= HTTP/1.1" 200 None
2024-10-15 13:02:50,741 : DEBUG : Starting new HTTPS connection (1): www.googleapis.com:443
2024-10-15 13:02:50,965 : DEBUG : https://www.googleapis.com:443 "GET /youtube/v3/commentThreads?key=AIzaSyBLU5mFczWyGRHq4HLpm9OzENB05l7RP3w&textFormat=plainText&part=snippet&videoId=Omy0dszV_BA&maxResults=250&pageToken= HTTP/1.1" 200 None
2024-10-15 13:02:50,974 : DEBUG : Starting new HTTPS connection (1): www.googleapis.com:443
2024-10-15 13:02:51,210 : DEBUG : https://www.googleapis.com:443 "GET /youtube/v3/commentThreads?key=AIzaSyBLU5mFczWyGRHq4HLpm9OzENB05l7RP3w&textFormat=plainText&part=snippet&videoId=32YfcTEp4cg&maxResults=250&pageToken= HTTP/1.1" 200 None
2024-10-15 13:02:51,264 : DEBUG : Starting new HTTPS connection (1): www.googleapis.com:443
2024-10-15 13:02:51,507 : DEBUG : https://www.googleapis.com:443 "GET /youtube/v3/commentThreads?key=AIzaSyBLU5mFczWyGRHq4HLpm9OzENB05l7RP3w&textFormat=plainText&part=snippet&videoId=9KlszITz-64&maxResults=250&pageToken= HTTP/1.1" 200 None
2024-10-15 13:02:51,670 : DEBUG : Starting new HTTPS connection (1): www.googleapis.com:443
2024-10-15 13:02:51,930 : DEBUG : https://www.googleapis.com:443 "GET /youtube/v3/commentThreads?key=AIzaSyBLU5mFczWyGRHq4HLpm9OzENB05l7RP3w&textFormat=plainText&part=snippet&videoId=CKsuUIBW6iU&maxResults=250&pageToken= HTTP/1.1" 200 None
2024-10-15 13:02:52,094 : DEBUG : Starting new HTTPS connection (1): www.googleapis.com:443
2024-10-15 13:02:52,328 : DEBUG : https://www.googleapis.com:443 "GET /youtube/v3/commentThreads?key=AIzaSyBLU5mFczWyGRHq4HLpm9OzENB05l7RP3w&textFormat=plainText&part=snippet&videoId=5wMAPUrd0ag&maxResults=250&pageToken= HTTP/1.1" 200 None
2024-10-15 13:02:59,650 : DEBUG : Starting new HTTP connection (1): localhost:5001
2024-10-15 13:02:59,655 : DEBUG : http://localhost:5001 "GET /api/2.0/mlflow/experiments/get-by-name?experiment_name=my_third HTTP/1.1" 200 293
2024-10-15 13:02:59,679 : DEBUG : Popen(['git', 'version'], cwd=/Users/forcemajor01/data_science/work_place/other/airflow-mlflow-tutorial, stdin=None, shell=False, universal_newlines=False)
2024-10-15 13:02:59,701 : DEBUG : Popen(['git', 'version'], cwd=/Users/forcemajor01/data_science/work_place/other/airflow-mlflow-tutorial, stdin=None, shell=False, universal_newlines=False)
2024-10-15 13:02:59,720 : DEBUG : Resetting dropped connection: localhost
2024-10-15 13:02:59,726 : DEBUG : http://localhost:5001 "POST /api/2.0/mlflow/runs/create HTTP/1.1" 200 966
2024-10-15 13:02:59,741 : DEBUG : Resetting dropped connection: localhost
2024-10-15 13:02:59,744 : DEBUG : http://localhost:5001 "POST /api/2.0/mlflow/runs/log-parameter HTTP/1.1" 200 2
2024-10-15 13:02:59,746 : DEBUG : Resetting dropped connection: localhost
2024-10-15 13:02:59,749 : DEBUG : http://localhost:5001 "POST /api/2.0/mlflow/runs/log-parameter HTTP/1.1" 200 2
2024-10-15 13:02:59,751 : DEBUG : Resetting dropped connection: localhost
2024-10-15 13:02:59,753 : DEBUG : http://localhost:5001 "POST /api/2.0/mlflow/runs/log-parameter HTTP/1.1" 200 2
2024-10-15 13:03:01,434 : DEBUG : Resetting dropped connection: localhost
2024-10-15 13:03:01,439 : DEBUG : http://localhost:5001 "GET /api/2.0/mlflow/runs/get?run_uuid=59f819cd5b6d43938fa0da4bf4193c22&run_id=59f819cd5b6d43938fa0da4bf4193c22 HTTP/1.1" 200 1260
2024-10-15 13:03:01,442 : DEBUG : Resetting dropped connection: localhost
2024-10-15 13:03:01,445 : DEBUG : http://localhost:5001 "POST /api/2.0/mlflow/runs/log-model HTTP/1.1" 200 2
2024-10-15 13:03:01,451 : DEBUG : Resetting dropped connection: localhost
2024-10-15 13:03:01,453 : DEBUG : http://localhost:5001 "POST /api/2.0/mlflow/registered-models/create HTTP/1.1" 400 429
2024-10-15 13:03:01,454 : DEBUG : Resetting dropped connection: localhost
2024-10-15 13:03:01,458 : DEBUG : http://localhost:5001 "GET /api/2.0/mlflow/runs/get?run_uuid=59f819cd5b6d43938fa0da4bf4193c22&run_id=59f819cd5b6d43938fa0da4bf4193c22 HTTP/1.1" 200 1694
2024-10-15 13:03:01,459 : DEBUG : Resetting dropped connection: localhost
2024-10-15 13:03:01,464 : DEBUG : http://localhost:5001 "POST /api/2.0/mlflow/model-versions/create HTTP/1.1" 200 457
2024-10-15 13:03:02,560 : DEBUG : Resetting dropped connection: localhost
2024-10-15 13:03:02,562 : DEBUG : http://localhost:5001 "POST /api/2.0/mlflow/runs/log-model HTTP/1.1" 200 2
2024-10-15 13:03:02,564 : DEBUG : Resetting dropped connection: localhost
2024-10-15 13:03:02,565 : DEBUG : http://localhost:5001 "POST /api/2.0/mlflow/registered-models/create HTTP/1.1" 400 441
2024-10-15 13:03:02,566 : DEBUG : Resetting dropped connection: localhost
2024-10-15 13:03:02,570 : DEBUG : http://localhost:5001 "GET /api/2.0/mlflow/runs/get?run_uuid=59f819cd5b6d43938fa0da4bf4193c22&run_id=59f819cd5b6d43938fa0da4bf4193c22 HTTP/1.1" 200 2270
2024-10-15 13:03:02,571 : DEBUG : Resetting dropped connection: localhost
2024-10-15 13:03:02,576 : DEBUG : http://localhost:5001 "POST /api/2.0/mlflow/model-versions/create HTTP/1.1" 200 465
2024-10-15 13:03:02,578 : DEBUG : Resetting dropped connection: localhost
2024-10-15 13:03:02,581 : DEBUG : http://localhost:5001 "GET /api/2.0/mlflow/runs/get?run_uuid=59f819cd5b6d43938fa0da4bf4193c22&run_id=59f819cd5b6d43938fa0da4bf4193c22 HTTP/1.1" 200 2270
2024-10-15 13:03:02,582 : DEBUG : Resetting dropped connection: localhost
2024-10-15 13:03:02,587 : DEBUG : http://localhost:5001 "POST /api/2.0/mlflow/runs/update HTTP/1.1" 200 489
2024-10-15 13:03:02,588 : DEBUG : Resetting dropped connection: localhost
2024-10-15 13:03:02,592 : DEBUG : http://localhost:5001 "GET /api/2.0/mlflow/model-versions/search?filter=name%3D%27LogisticRegression%27&max_results=10000 HTTP/1.1" 200 6129
2024-10-15 13:03:02,594 : DEBUG : Resetting dropped connection: localhost
2024-10-15 13:03:02,597 : DEBUG : http://localhost:5001 "GET /api/2.0/mlflow/model-versions/search?filter=name%3D%27vector_tfidf%27&max_results=10000 HTTP/1.1" 200 6025
